2020-12-02 00:03:33,968 INFO org.springframework.boot.StartupInfoLogger [main] Starting CeibaOdontologiaApplication using Java 1.8.0_271 on FELIPE-BEDOYA with PID 13556 (D:\Workspace\Ceiba-Odontologia\build\classes\java\main started by felipe.bedoya in D:\Workspace\Ceiba-Odontologia)
2020-12-02 00:03:33,976 INFO org.springframework.boot.SpringApplication [main] No active profile set, falling back to default profiles: default
2020-12-02 00:03:34,754 INFO org.springframework.data.repository.config.RepositoryConfigurationDelegate [main] Bootstrapping Spring Data JPA repositories in DEFERRED mode.
2020-12-02 00:03:34,850 INFO org.springframework.data.repository.config.RepositoryConfigurationDelegate [main] Finished Spring Data repository scanning in 87 ms. Found 4 JPA repository interfaces.
2020-12-02 00:03:35,948 INFO org.springframework.boot.web.embedded.tomcat.TomcatWebServer [main] Tomcat initialized with port(s): 8080 (http)
2020-12-02 00:03:35,959 INFO org.apache.juli.logging.DirectJDKLog [main] Initializing ProtocolHandler ["http-nio-8080"]
2020-12-02 00:03:35,960 INFO org.apache.juli.logging.DirectJDKLog [main] Starting service [Tomcat]
2020-12-02 00:03:35,961 INFO org.apache.juli.logging.DirectJDKLog [main] Starting Servlet engine: [Apache Tomcat/9.0.39]
2020-12-02 00:03:36,092 INFO org.apache.juli.logging.DirectJDKLog [main] Initializing Spring embedded WebApplicationContext
2020-12-02 00:03:36,093 INFO org.springframework.boot.web.servlet.context.ServletWebServerApplicationContext [main] Root WebApplicationContext: initialization completed in 2058 ms
2020-12-02 00:03:36,317 INFO org.springframework.scheduling.concurrent.ExecutorConfigurationSupport [main] Initializing ExecutorService 'applicationTaskExecutor'
2020-12-02 00:03:36,338 INFO com.zaxxer.hikari.HikariDataSource [main] HikariPool-1 - Starting...
2020-12-02 00:03:37,361 INFO com.zaxxer.hikari.HikariDataSource [main] HikariPool-1 - Start completed.
2020-12-02 00:03:37,427 INFO org.hibernate.jpa.internal.util.LogHelper [task-1] HHH000204: Processing PersistenceUnitInfo [name: default]
2020-12-02 00:03:37,512 INFO org.hibernate.Version [task-1] HHH000412: Hibernate ORM core version 5.4.23.Final
2020-12-02 00:03:37,645 WARN org.springframework.boot.autoconfigure.orm.jpa.JpaBaseConfiguration$JpaWebConfiguration [main] spring.jpa.open-in-view is enabled by default. Therefore, database queries may be performed during view rendering. Explicitly configure spring.jpa.open-in-view to disable this warning
2020-12-02 00:03:37,801 INFO org.hibernate.annotations.common.reflection.java.JavaReflectionManager [task-1] HCANN000001: Hibernate Commons Annotations {5.1.2.Final}
2020-12-02 00:03:38,053 INFO org.hibernate.dialect.Dialect [task-1] HHH000400: Using dialect: org.hibernate.dialect.MySQL8Dialect
2020-12-02 00:03:38,098 INFO org.apache.juli.logging.DirectJDKLog [main] Starting ProtocolHandler ["http-nio-8080"]
2020-12-02 00:03:38,124 INFO org.springframework.boot.web.embedded.tomcat.TomcatWebServer [main] Tomcat started on port(s): 8080 (http) with context path ''
2020-12-02 00:03:38,127 INFO org.springframework.data.repository.config.DeferredRepositoryInitializationListener [main] Triggering deferred initialization of Spring Data repositories…
2020-12-02 00:03:38,977 INFO org.hibernate.engine.transaction.jta.platform.internal.JtaPlatformInitiator [task-1] HHH000490: Using JtaPlatform implementation: [org.hibernate.engine.transaction.jta.platform.internal.NoJtaPlatform]
2020-12-02 00:03:38,993 INFO org.springframework.orm.jpa.AbstractEntityManagerFactoryBean [task-1] Initialized JPA EntityManagerFactory for persistence unit 'default'
2020-12-02 00:03:39,809 INFO org.springframework.data.repository.config.DeferredRepositoryInitializationListener [main] Spring Data repositories initialized!
2020-12-02 00:03:39,817 INFO org.springframework.boot.StartupInfoLogger [main] Started CeibaOdontologiaApplication in 6.382 seconds (JVM running for 6.918)
2020-12-02 00:03:41,299 INFO org.apache.juli.logging.DirectJDKLog [http-nio-8080-exec-1] Initializing Spring DispatcherServlet 'dispatcherServlet'
2020-12-02 00:03:41,299 INFO org.springframework.web.servlet.FrameworkServlet [http-nio-8080-exec-1] Initializing Servlet 'dispatcherServlet'
2020-12-02 00:03:41,301 INFO org.springframework.web.servlet.FrameworkServlet [http-nio-8080-exec-1] Completed initialization in 2 ms
