2020-11-27 08:52:42,897 INFO org.springframework.boot.StartupInfoLogger [main] Starting CeibaOdontologiaApplication using Java 1.8.0_271 on FELIPE-BEDOYA with PID 5740 (D:\Workspace\Ceiba-Odontologia\build\classes\java\main started by felipe.bedoya in D:\Workspace\Ceiba-Odontologia)
2020-11-27 08:52:42,906 INFO org.springframework.boot.SpringApplication [main] No active profile set, falling back to default profiles: default
2020-11-27 08:52:43,882 INFO org.springframework.data.repository.config.RepositoryConfigurationDelegate [main] Bootstrapping Spring Data JPA repositories in DEFERRED mode.
2020-11-27 08:52:43,986 INFO org.springframework.data.repository.config.RepositoryConfigurationDelegate [main] Finished Spring Data repository scanning in 91 ms. Found 4 JPA repository interfaces.
2020-11-27 08:52:45,123 INFO org.springframework.boot.web.embedded.tomcat.TomcatWebServer [main] Tomcat initialized with port(s): 8080 (http)
2020-11-27 08:52:45,139 INFO org.apache.juli.logging.DirectJDKLog [main] Initializing ProtocolHandler ["http-nio-8080"]
2020-11-27 08:52:45,140 INFO org.apache.juli.logging.DirectJDKLog [main] Starting service [Tomcat]
2020-11-27 08:52:45,140 INFO org.apache.juli.logging.DirectJDKLog [main] Starting Servlet engine: [Apache Tomcat/9.0.39]
2020-11-27 08:52:45,265 INFO org.apache.juli.logging.DirectJDKLog [main] Initializing Spring embedded WebApplicationContext
2020-11-27 08:52:45,265 INFO org.springframework.boot.web.servlet.context.ServletWebServerApplicationContext [main] Root WebApplicationContext: initialization completed in 2280 ms
2020-11-27 08:52:45,512 INFO org.springframework.scheduling.concurrent.ExecutorConfigurationSupport [main] Initializing ExecutorService 'applicationTaskExecutor'
2020-11-27 08:52:45,531 INFO com.zaxxer.hikari.HikariDataSource [main] HikariPool-1 - Starting...
2020-11-27 08:52:46,706 INFO com.zaxxer.hikari.HikariDataSource [main] HikariPool-1 - Start completed.
2020-11-27 08:52:46,782 INFO org.hibernate.jpa.internal.util.LogHelper [task-1] HHH000204: Processing PersistenceUnitInfo [name: default]
2020-11-27 08:52:46,887 INFO org.hibernate.Version [task-1] HHH000412: Hibernate ORM core version 5.4.23.Final
2020-11-27 08:52:47,020 WARN org.springframework.boot.autoconfigure.orm.jpa.JpaBaseConfiguration$JpaWebConfiguration [main] spring.jpa.open-in-view is enabled by default. Therefore, database queries may be performed during view rendering. Explicitly configure spring.jpa.open-in-view to disable this warning
2020-11-27 08:52:47,228 INFO org.hibernate.annotations.common.reflection.java.JavaReflectionManager [task-1] HCANN000001: Hibernate Commons Annotations {5.1.2.Final}
2020-11-27 08:52:47,487 INFO org.hibernate.dialect.Dialect [task-1] HHH000400: Using dialect: org.hibernate.dialect.MySQL8Dialect
2020-11-27 08:52:47,492 INFO org.apache.juli.logging.DirectJDKLog [main] Starting ProtocolHandler ["http-nio-8080"]
2020-11-27 08:52:47,536 INFO org.springframework.boot.web.embedded.tomcat.TomcatWebServer [main] Tomcat started on port(s): 8080 (http) with context path ''
2020-11-27 08:52:47,540 INFO org.springframework.data.repository.config.DeferredRepositoryInitializationListener [main] Triggering deferred initialization of Spring Data repositories…
2020-11-27 08:52:48,463 INFO org.hibernate.engine.transaction.jta.platform.internal.JtaPlatformInitiator [task-1] HHH000490: Using JtaPlatform implementation: [org.hibernate.engine.transaction.jta.platform.internal.NoJtaPlatform]
2020-11-27 08:52:48,475 INFO org.springframework.orm.jpa.AbstractEntityManagerFactoryBean [task-1] Initialized JPA EntityManagerFactory for persistence unit 'default'
2020-11-27 08:52:49,266 INFO org.springframework.data.repository.config.DeferredRepositoryInitializationListener [main] Spring Data repositories initialized!
2020-11-27 08:52:49,275 INFO org.springframework.boot.StartupInfoLogger [main] Started CeibaOdontologiaApplication in 7.066 seconds (JVM running for 7.572)
2020-11-27 08:53:05,464 INFO org.apache.juli.logging.DirectJDKLog [http-nio-8080-exec-1] Initializing Spring DispatcherServlet 'dispatcherServlet'
2020-11-27 08:53:05,465 INFO org.springframework.web.servlet.FrameworkServlet [http-nio-8080-exec-1] Initializing Servlet 'dispatcherServlet'
2020-11-27 08:53:05,466 INFO org.springframework.web.servlet.FrameworkServlet [http-nio-8080-exec-1] Completed initialization in 1 ms
